[2022-11-22 19:37:04,302][INFO][main.py:161] Loaded blender image=(138, 800, 800, 4), poses=(138, 4, 4), render_poses=[40,4,4,], hwf=[800, 800, 1111.1110311937682], dir=./data/lego
[2022-11-22 19:37:04,303][INFO][main.py:174] i_train [ 8 72 37 41]
[2022-11-22 19:37:06,455][INFO][main.py:95] Found ckpts []
[2022-11-22 19:37:06,455][INFO][main.py:292] Begin
[2022-11-22 19:37:06,456][INFO][main.py:293] TRAIN views are [ 8 72 37 41]
[2022-11-22 19:37:06,456][INFO][main.py:295] TEST views are [113 114 115 116 117 118 119 120 121 122 123 124 125 126 127 128 129 130
 131 132 133 134 135 136 137]
[2022-11-22 19:37:06,456][INFO][main.py:297] VAL views are [100 101 102 103 104 105 106 107 108 109 110 111 112]
[2022-11-22 19:37:06,461][INFO][main.py:358] [Config] Center cropping of size 400 x 400 is enabled until iter 500
[2022-11-22 19:37:06,527][INFO][main.py:405] [Config] Center cropping of size 400 x 400 is enabled until iter 500
[2022-11-22 19:44:07,041][INFO][main.py:577] [TRAIN] Iter: 1000 Loss: 0.024932783097028732  PSNR: 19.702478408813477
[2022-11-22 19:51:17,615][INFO][main.py:577] [TRAIN] Iter: 2000 Loss: 0.008983885869383812  PSNR: 24.2569522857666
[2022-11-22 19:58:29,620][INFO][main.py:577] [TRAIN] Iter: 3000 Loss: 0.012129135429859161  PSNR: 23.141416549682617
[2022-11-22 20:05:39,448][INFO][main.py:577] [TRAIN] Iter: 4000 Loss: 0.013352029025554657  PSNR: 22.37848472595215
[2022-11-22 20:12:49,780][INFO][main.py:577] [TRAIN] Iter: 5000 Loss: 0.00949274841696024  PSNR: 24.781850814819336
[2022-11-22 20:20:00,427][INFO][main.py:577] [TRAIN] Iter: 6000 Loss: 0.013037215918302536  PSNR: 22.790748596191406
[2022-11-22 20:27:10,891][INFO][main.py:577] [TRAIN] Iter: 7000 Loss: 0.009076765738427639  PSNR: 24.804454803466797
[2022-11-22 20:34:22,039][INFO][main.py:577] [TRAIN] Iter: 8000 Loss: 0.009890242479741573  PSNR: 23.77300262451172
[2022-11-22 20:41:31,930][INFO][main.py:577] [TRAIN] Iter: 9000 Loss: 0.00449190940707922  PSNR: 28.772357940673828
[2022-11-22 20:48:43,561][INFO][main.py:541] Saved checkpoints at ./log/lego/010000.tar
[2022-11-22 20:48:43,561][INFO][main.py:544] generating videos...
[2022-11-22 21:17:13,964][INFO][main.py:552] Done, saving (40, 800, 800, 3) (40, 800, 800)
[2022-11-22 21:17:15,887][INFO][main.py:561] testing...
[2022-11-22 21:17:15,888][INFO][main.py:565] test poses shape (25, 4, 4)
[2022-11-22 21:35:16,231][INFO][main.py:568] Saved test set
[2022-11-22 21:35:16,658][INFO][main.py:573] [TEST] Iter: 10000 Loss: 0.01115622092038393  PSNR: 19.524829864501953 redefine_PSNR: 19.65392303466797
[2022-11-22 21:35:16,658][INFO][main.py:577] [TRAIN] Iter: 10000 Loss: 0.009162116795778275  PSNR: 25.55109214782715
[2022-11-22 21:42:26,501][INFO][main.py:577] [TRAIN] Iter: 11000 Loss: 0.008455120958387852  PSNR: 25.253067016601562
[2022-11-22 21:49:36,967][INFO][main.py:577] [TRAIN] Iter: 12000 Loss: 0.008197007700800896  PSNR: 24.947086334228516
[2022-11-22 21:56:46,951][INFO][main.py:577] [TRAIN] Iter: 13000 Loss: 0.009504338726401329  PSNR: 25.305492401123047
[2022-11-22 22:03:58,473][INFO][main.py:577] [TRAIN] Iter: 14000 Loss: 0.007747947238385677  PSNR: 25.614850997924805
[2022-11-22 22:11:08,672][INFO][main.py:577] [TRAIN] Iter: 15000 Loss: 0.007252146489918232  PSNR: 26.340051651000977
[2022-11-22 22:18:19,693][INFO][main.py:577] [TRAIN] Iter: 16000 Loss: 0.0063512432388961315  PSNR: 26.380144119262695
[2022-11-22 22:25:30,403][INFO][main.py:577] [TRAIN] Iter: 17000 Loss: 0.008133705705404282  PSNR: 26.11519432067871
[2022-11-22 22:32:40,977][INFO][main.py:577] [TRAIN] Iter: 18000 Loss: 0.00651653204113245  PSNR: 27.389841079711914
[2022-11-22 22:39:52,225][INFO][main.py:577] [TRAIN] Iter: 19000 Loss: 0.006800992414355278  PSNR: 26.436973571777344
[2022-11-22 22:47:02,414][INFO][main.py:541] Saved checkpoints at ./log/lego/020000.tar
[2022-11-22 22:47:02,414][INFO][main.py:544] generating videos...
[2022-11-22 23:15:33,484][INFO][main.py:552] Done, saving (40, 800, 800, 3) (40, 800, 800)
[2022-11-22 23:15:35,091][INFO][main.py:561] testing...
[2022-11-22 23:15:35,092][INFO][main.py:565] test poses shape (25, 4, 4)
[2022-11-22 23:33:33,553][INFO][main.py:568] Saved test set
[2022-11-22 23:33:33,961][INFO][main.py:573] [TEST] Iter: 20000 Loss: 0.011591358110308647  PSNR: 19.35865592956543 redefine_PSNR: 19.52081298828125
[2022-11-22 23:33:33,961][INFO][main.py:577] [TRAIN] Iter: 20000 Loss: 0.00586446188390255  PSNR: 28.15299415588379
[2022-11-22 23:40:44,190][INFO][main.py:577] [TRAIN] Iter: 21000 Loss: 0.003794813994318247  PSNR: 29.564722061157227
[2022-11-22 23:47:53,614][INFO][main.py:577] [TRAIN] Iter: 22000 Loss: 0.003973229788243771  PSNR: 31.876375198364258
[2022-11-22 23:55:04,396][INFO][main.py:577] [TRAIN] Iter: 23000 Loss: 0.003718798281624913  PSNR: 29.537105560302734
[2022-11-23 00:02:14,280][INFO][main.py:577] [TRAIN] Iter: 24000 Loss: 0.005894799251109362  PSNR: 27.531700134277344
[2022-11-23 00:09:25,214][INFO][main.py:577] [TRAIN] Iter: 25000 Loss: 0.006049628835171461  PSNR: 27.98477554321289
[2022-11-23 00:16:34,808][INFO][main.py:577] [TRAIN] Iter: 26000 Loss: 0.002910939045250416  PSNR: 32.52420425415039
[2022-11-23 00:23:45,932][INFO][main.py:577] [TRAIN] Iter: 27000 Loss: 0.0037114503793418407  PSNR: 32.21403503417969
[2022-11-23 00:30:56,289][INFO][main.py:577] [TRAIN] Iter: 28000 Loss: 0.0061042895540595055  PSNR: 27.145397186279297
[2022-11-23 00:38:06,723][INFO][main.py:577] [TRAIN] Iter: 29000 Loss: 0.006137755699455738  PSNR: 27.026090621948242
[2022-11-23 00:45:17,451][INFO][main.py:541] Saved checkpoints at ./log/lego/030000.tar
[2022-11-23 00:45:17,451][INFO][main.py:544] generating videos...
[2022-11-23 01:13:48,236][INFO][main.py:552] Done, saving (40, 800, 800, 3) (40, 800, 800)
[2022-11-23 01:13:49,830][INFO][main.py:561] testing...
[2022-11-23 01:13:49,831][INFO][main.py:565] test poses shape (25, 4, 4)
[2022-11-23 01:31:46,452][INFO][main.py:568] Saved test set
[2022-11-23 01:31:46,720][INFO][main.py:573] [TEST] Iter: 30000 Loss: 0.011969074606895447  PSNR: 19.219392776489258 redefine_PSNR: 19.38652229309082
[2022-11-23 01:31:46,721][INFO][main.py:577] [TRAIN] Iter: 30000 Loss: 0.0033051418140530586  PSNR: 31.139692306518555
[2022-11-23 01:38:56,720][INFO][main.py:577] [TRAIN] Iter: 31000 Loss: 0.005293341353535652  PSNR: 28.61491584777832
[2022-11-23 01:46:07,075][INFO][main.py:577] [TRAIN] Iter: 32000 Loss: 0.005512127187103033  PSNR: 28.086427688598633
[2022-11-23 01:53:18,613][INFO][main.py:577] [TRAIN] Iter: 33000 Loss: 0.005239706486463547  PSNR: 28.257659912109375
[2022-11-23 02:00:29,226][INFO][main.py:577] [TRAIN] Iter: 34000 Loss: 0.0038287441711872816  PSNR: 30.386503219604492
[2022-11-23 02:07:39,342][INFO][main.py:577] [TRAIN] Iter: 35000 Loss: 0.006113915704190731  PSNR: 26.9517822265625
[2022-11-23 02:14:49,945][INFO][main.py:577] [TRAIN] Iter: 36000 Loss: 0.005614050664007664  PSNR: 27.57143211364746
[2022-11-23 02:22:00,840][INFO][main.py:577] [TRAIN] Iter: 37000 Loss: 0.003108324483036995  PSNR: 31.810537338256836
[2022-11-23 02:29:11,445][INFO][main.py:577] [TRAIN] Iter: 38000 Loss: 0.004157613962888718  PSNR: 29.214643478393555
[2022-11-23 02:36:21,586][INFO][main.py:577] [TRAIN] Iter: 39000 Loss: 0.004424349870532751  PSNR: 29.037527084350586
[2022-11-23 02:43:31,693][INFO][main.py:541] Saved checkpoints at ./log/lego/040000.tar
[2022-11-23 02:43:31,693][INFO][main.py:544] generating videos...
[2022-11-23 03:11:57,479][INFO][main.py:552] Done, saving (40, 800, 800, 3) (40, 800, 800)
[2022-11-23 03:11:59,057][INFO][main.py:561] testing...
[2022-11-23 03:11:59,058][INFO][main.py:565] test poses shape (25, 4, 4)
[2022-11-23 03:29:55,101][INFO][main.py:568] Saved test set
[2022-11-23 03:29:55,352][INFO][main.py:573] [TEST] Iter: 40000 Loss: 0.012024142779409885  PSNR: 19.199459075927734 redefine_PSNR: 19.383804321289062
[2022-11-23 03:29:55,352][INFO][main.py:577] [TRAIN] Iter: 40000 Loss: 0.005478234495967627  PSNR: 28.02020263671875
[2022-11-23 03:37:03,038][INFO][main.py:577] [TRAIN] Iter: 41000 Loss: 0.003028841922059655  PSNR: 31.66736602783203
[2022-11-23 03:44:10,712][INFO][main.py:577] [TRAIN] Iter: 42000 Loss: 0.004209926817566156  PSNR: 30.163776397705078
[2022-11-23 03:51:18,933][INFO][main.py:577] [TRAIN] Iter: 43000 Loss: 0.004673173651099205  PSNR: 28.877727508544922
[2022-11-23 03:58:25,869][INFO][main.py:577] [TRAIN] Iter: 44000 Loss: 0.004753687418997288  PSNR: 29.23163604736328
[2022-11-23 04:05:33,860][INFO][main.py:577] [TRAIN] Iter: 45000 Loss: 0.00414898619055748  PSNR: 29.28390121459961
[2022-11-23 04:12:40,886][INFO][main.py:577] [TRAIN] Iter: 46000 Loss: 0.002955034142360091  PSNR: 32.138671875
[2022-11-23 04:19:48,680][INFO][main.py:577] [TRAIN] Iter: 47000 Loss: 0.0031594368629157543  PSNR: 31.593603134155273
[2022-11-23 04:26:56,694][INFO][main.py:577] [TRAIN] Iter: 48000 Loss: 0.00521234842017293  PSNR: 29.39603042602539
[2022-11-23 04:34:03,804][INFO][main.py:577] [TRAIN] Iter: 49000 Loss: 0.004533547442406416  PSNR: 28.126628875732422
[2022-11-23 04:41:11,749][INFO][main.py:541] Saved checkpoints at ./log/lego/050000.tar
[2022-11-23 04:41:11,749][INFO][main.py:544] generating videos...
[2022-11-23 05:09:37,420][INFO][main.py:552] Done, saving (40, 800, 800, 3) (40, 800, 800)
[2022-11-23 05:09:38,971][INFO][main.py:561] testing...
[2022-11-23 05:09:38,972][INFO][main.py:565] test poses shape (25, 4, 4)
[2022-11-23 05:27:33,692][INFO][main.py:568] Saved test set
[2022-11-23 05:27:33,941][INFO][main.py:573] [TEST] Iter: 50000 Loss: 0.01222923956811428  PSNR: 19.126005172729492 redefine_PSNR: 19.315414428710938
[2022-11-23 05:27:33,941][INFO][main.py:577] [TRAIN] Iter: 50000 Loss: 0.0053552621975541115  PSNR: 28.30863380432129
